<?xml version="1.0" encoding="UTF-8"?>
<!-- Generated by org.testng.reporters.JUnitReportReporter -->
<testsuite hostname="Nividous" name="com.nividous.util.CommonUtilityForSuite" tests="1" failures="0" timestamp="9 Jan 2018 06:46:14 GMT" time="1.366" errors="0">
  <testcase name="loadSpreadSheet" time="1.366" classname="com.nividous.util.CommonUtilityForSuite"/>
</testsuite> <!-- com.nividous.util.CommonUtilityForSuite -->
